<?xml version="1.0" encoding="UTF-8"?>
<testsuite name="com.allstate.compozed.teacherspet.TeachersPetApplicationTests" tests="1" skipped="0" failures="0" errors="0" timestamp="2017-07-27T14:02:47" hostname="localadmins-iMac.local" time="0.022">
  <properties/>
  <testcase name="contextLoads" classname="com.allstate.compozed.teacherspet.TeachersPetApplicationTests" time="0.022"/>
  <system-out><![CDATA[09:02:35.073 [Test worker] DEBUG org.springframework.test.context.junit4.SpringJUnit4ClassRunner - SpringJUnit4ClassRunner constructor called with [class com.allstate.compozed.teacherspet.TeachersPetApplicationTests]
09:02:35.077 [Test worker] DEBUG org.springframework.test.context.BootstrapUtils - Instantiating CacheAwareContextLoaderDelegate from class [org.springframework.test.context.cache.DefaultCacheAwareContextLoaderDelegate]
09:02:35.084 [Test worker] DEBUG org.springframework.test.context.BootstrapUtils - Instantiating BootstrapContext using constructor [public org.springframework.test.context.support.DefaultBootstrapContext(java.lang.Class,org.springframework.test.context.CacheAwareContextLoaderDelegate)]
09:02:35.095 [Test worker] DEBUG org.springframework.test.context.BootstrapUtils - Instantiating TestContextBootstrapper for test class [com.allstate.compozed.teacherspet.TeachersPetApplicationTests] from class [org.springframework.boot.test.context.SpringBootTestContextBootstrapper]
09:02:35.103 [Test worker] INFO org.springframework.boot.test.context.SpringBootTestContextBootstrapper - Neither @ContextConfiguration nor @ContextHierarchy found for test class [com.allstate.compozed.teacherspet.TeachersPetApplicationTests], using SpringBootContextLoader
09:02:35.106 [Test worker] DEBUG org.springframework.test.context.support.AbstractContextLoader - Did not detect default resource location for test class [com.allstate.compozed.teacherspet.TeachersPetApplicationTests]: class path resource [com/allstate/compozed/teacherspet/TeachersPetApplicationTests-context.xml] does not exist
09:02:35.106 [Test worker] DEBUG org.springframework.test.context.support.AbstractContextLoader - Did not detect default resource location for test class [com.allstate.compozed.teacherspet.TeachersPetApplicationTests]: class path resource [com/allstate/compozed/teacherspet/TeachersPetApplicationTestsContext.groovy] does not exist
09:02:35.106 [Test worker] INFO org.springframework.test.context.support.AbstractContextLoader - Could not detect default resource locations for test class [com.allstate.compozed.teacherspet.TeachersPetApplicationTests]: no resource found for suffixes {-context.xml, Context.groovy}.
09:02:35.107 [Test worker] INFO org.springframework.test.context.support.AnnotationConfigContextLoaderUtils - Could not detect default configuration classes for test class [com.allstate.compozed.teacherspet.TeachersPetApplicationTests]: TeachersPetApplicationTests does not declare any static, non-private, non-final, nested classes annotated with @Configuration.
09:02:35.130 [Test worker] DEBUG org.springframework.test.context.support.ActiveProfilesUtils - Could not find an 'annotation declaring class' for annotation type [org.springframework.test.context.ActiveProfiles] and class [com.allstate.compozed.teacherspet.TeachersPetApplicationTests]
09:02:35.135 [Test worker] DEBUG org.springframework.core.env.StandardEnvironment - Adding [systemProperties] PropertySource with lowest search precedence
09:02:35.136 [Test worker] DEBUG org.springframework.core.env.StandardEnvironment - Adding [systemEnvironment] PropertySource with lowest search precedence
09:02:35.136 [Test worker] DEBUG org.springframework.core.env.StandardEnvironment - Initialized StandardEnvironment with PropertySources [systemProperties,systemEnvironment]
09:02:35.142 [Test worker] DEBUG org.springframework.core.io.support.PathMatchingResourcePatternResolver - Resolved classpath location [com/allstate/compozed/teacherspet/] to resources [URL [file:/Users/localadmin/workspace/jimmy/day14/fullstack_practice/back-end/build/classes/java/test/com/allstate/compozed/teacherspet/], URL [file:/Users/localadmin/workspace/jimmy/day14/fullstack_practice/back-end/build/classes/java/main/com/allstate/compozed/teacherspet/]]
09:02:35.142 [Test worker] DEBUG org.springframework.core.io.support.PathMatchingResourcePatternResolver - Looking for matching resources in directory tree [/Users/localadmin/workspace/jimmy/day14/fullstack_practice/back-end/build/classes/java/test/com/allstate/compozed/teacherspet]
09:02:35.143 [Test worker] DEBUG org.springframework.core.io.support.PathMatchingResourcePatternResolver - Searching directory [/Users/localadmin/workspace/jimmy/day14/fullstack_practice/back-end/build/classes/java/test/com/allstate/compozed/teacherspet] for files matching pattern [/Users/localadmin/workspace/jimmy/day14/fullstack_practice/back-end/build/classes/java/test/com/allstate/compozed/teacherspet/*.class]
09:02:35.145 [Test worker] DEBUG org.springframework.core.io.support.PathMatchingResourcePatternResolver - Looking for matching resources in directory tree [/Users/localadmin/workspace/jimmy/day14/fullstack_practice/back-end/build/classes/java/main/com/allstate/compozed/teacherspet]
09:02:35.145 [Test worker] DEBUG org.springframework.core.io.support.PathMatchingResourcePatternResolver - Searching directory [/Users/localadmin/workspace/jimmy/day14/fullstack_practice/back-end/build/classes/java/main/com/allstate/compozed/teacherspet] for files matching pattern [/Users/localadmin/workspace/jimmy/day14/fullstack_practice/back-end/build/classes/java/main/com/allstate/compozed/teacherspet/*.class]
09:02:35.145 [Test worker] DEBUG org.springframework.core.io.support.PathMatchingResourcePatternResolver - Resolved location pattern [classpath*:com/allstate/compozed/teacherspet/*.class] to resources [file [/Users/localadmin/workspace/jimmy/day14/fullstack_practice/back-end/build/classes/java/test/com/allstate/compozed/teacherspet/TeachersPetApplicationTests.class], file [/Users/localadmin/workspace/jimmy/day14/fullstack_practice/back-end/build/classes/java/main/com/allstate/compozed/teacherspet/TeachersPetApplication.class]]
09:02:35.173 [Test worker] DEBUG org.springframework.context.annotation.ClassPathScanningCandidateComponentProvider - Identified candidate component class: file [/Users/localadmin/workspace/jimmy/day14/fullstack_practice/back-end/build/classes/java/main/com/allstate/compozed/teacherspet/TeachersPetApplication.class]
09:02:35.173 [Test worker] INFO org.springframework.boot.test.context.SpringBootTestContextBootstrapper - Found @SpringBootConfiguration com.allstate.compozed.teacherspet.TeachersPetApplication for test class com.allstate.compozed.teacherspet.TeachersPetApplicationTests
09:02:35.176 [Test worker] DEBUG org.springframework.boot.test.context.SpringBootTestContextBootstrapper - @TestExecutionListeners is not present for class [com.allstate.compozed.teacherspet.TeachersPetApplicationTests]: using defaults.
09:02:35.179 [Test worker] INFO org.springframework.boot.test.context.SpringBootTestContextBootstrapper - Loaded default TestExecutionListener class names from location [META-INF/spring.factories]: [org.springframework.boot.test.autoconfigure.restdocs.RestDocsTestExecutionListener, org.springframework.boot.test.autoconfigure.web.client.MockRestServiceServerResetTestExecutionListener, org.springframework.boot.test.autoconfigure.web.servlet.MockMvcPrintOnlyOnFailureTestExecutionListener, org.springframework.boot.test.autoconfigure.web.servlet.WebDriverTestExecutionListener, org.springframework.boot.test.mock.mockito.MockitoTestExecutionListener, org.springframework.boot.test.mock.mockito.ResetMocksTestExecutionListener, org.springframework.test.context.web.ServletTestExecutionListener, org.springframework.test.context.support.DirtiesContextBeforeModesTestExecutionListener, org.springframework.test.context.support.DependencyInjectionTestExecutionListener, org.springframework.test.context.support.DirtiesContextTestExecutionListener, org.springframework.test.context.transaction.TransactionalTestExecutionListener, org.springframework.test.context.jdbc.SqlScriptsTestExecutionListener]
09:02:35.190 [Test worker] INFO org.springframework.boot.test.context.SpringBootTestContextBootstrapper - Using TestExecutionListeners: [org.springframework.test.context.web.ServletTestExecutionListener@ebc5530, org.springframework.test.context.support.DirtiesContextBeforeModesTestExecutionListener@7a6365fc, org.springframework.boot.test.autoconfigure.SpringBootDependencyInjectionTestExecutionListener@68e3ae39, org.springframework.test.context.support.DirtiesContextTestExecutionListener@3f7c1658, org.springframework.test.context.transaction.TransactionalTestExecutionListener@5385d152, org.springframework.test.context.jdbc.SqlScriptsTestExecutionListener@32a8025b, org.springframework.boot.test.autoconfigure.web.client.MockRestServiceServerResetTestExecutionListener@474fe051, org.springframework.boot.test.mock.mockito.ResetMocksTestExecutionListener@185ee036, org.springframework.boot.test.autoconfigure.web.servlet.MockMvcPrintOnlyOnFailureTestExecutionListener@65acad2e, org.springframework.boot.test.autoconfigure.restdocs.RestDocsTestExecutionListener@17e4d11a, org.springframework.boot.test.mock.mockito.MockitoTestExecutionListener@2f11f6df, org.springframework.boot.test.autoconfigure.web.servlet.WebDriverTestExecutionListener@40a1ec5b]
09:02:35.192 [Test worker] DEBUG org.springframework.test.annotation.ProfileValueUtils - Retrieved @ProfileValueSourceConfiguration [null] for test class [com.allstate.compozed.teacherspet.TeachersPetApplicationTests]
09:02:35.192 [Test worker] DEBUG org.springframework.test.annotation.ProfileValueUtils - Retrieved ProfileValueSource type [class org.springframework.test.annotation.SystemProfileValueSource] for class [com.allstate.compozed.teacherspet.TeachersPetApplicationTests]
09:02:35.193 [Test worker] DEBUG org.springframework.test.annotation.ProfileValueUtils - Retrieved @ProfileValueSourceConfiguration [null] for test class [com.allstate.compozed.teacherspet.TeachersPetApplicationTests]
09:02:35.193 [Test worker] DEBUG org.springframework.test.annotation.ProfileValueUtils - Retrieved ProfileValueSource type [class org.springframework.test.annotation.SystemProfileValueSource] for class [com.allstate.compozed.teacherspet.TeachersPetApplicationTests]
09:02:35.196 [Test worker] DEBUG org.springframework.test.context.support.AbstractDirtiesContextTestExecutionListener - Before test class: context [DefaultTestContext@49aede72 testClass = TeachersPetApplicationTests, testInstance = [null], testMethod = [null], testException = [null], mergedContextConfiguration = [WebMergedContextConfiguration@653310e8 testClass = TeachersPetApplicationTests, locations = '{}', classes = '{class com.allstate.compozed.teacherspet.TeachersPetApplication}', contextInitializerClasses = '[]', activeProfiles = '{}', propertySourceLocations = '{}', propertySourceProperties = '{org.springframework.boot.test.context.SpringBootTestContextBootstrapper=true}', contextCustomizers = set[org.springframework.boot.test.autoconfigure.properties.PropertyMappingContextCustomizer@0, org.springframework.boot.test.autoconfigure.web.servlet.WebDriverContextCustomizerFactory$Customizer@2d3192f6, org.springframework.boot.test.context.SpringBootTestContextCustomizer@2ad77f28, org.springframework.boot.test.context.filter.ExcludeFilterContextCustomizer@3574e9ea, org.springframework.boot.test.json.DuplicateJsonObjectContextCustomizerFactory$DuplicateJsonObjectContextCustomizer@140f53a3, org.springframework.boot.test.mock.mockito.MockitoContextCustomizer@0], resourceBasePath = 'src/main/webapp', contextLoader = 'org.springframework.boot.test.context.SpringBootContextLoader', parent = [null]]], class annotated with @DirtiesContext [false] with mode [null].
09:02:35.196 [Test worker] DEBUG org.springframework.test.annotation.ProfileValueUtils - Retrieved @ProfileValueSourceConfiguration [null] for test class [com.allstate.compozed.teacherspet.TeachersPetApplicationTests]
09:02:35.197 [Test worker] DEBUG org.springframework.test.annotation.ProfileValueUtils - Retrieved ProfileValueSource type [class org.springframework.test.annotation.SystemProfileValueSource] for class [com.allstate.compozed.teacherspet.TeachersPetApplicationTests]
09:02:35.231 [Test worker] DEBUG org.springframework.core.env.StandardEnvironment - Adding [systemProperties] PropertySource with lowest search precedence
09:02:35.231 [Test worker] DEBUG org.springframework.core.env.StandardEnvironment - Adding [systemEnvironment] PropertySource with lowest search precedence
09:02:35.232 [Test worker] DEBUG org.springframework.core.env.StandardEnvironment - Initialized StandardEnvironment with PropertySources [systemProperties,systemEnvironment]
09:02:35.233 [Test worker] DEBUG org.springframework.core.env.MutablePropertySources - Adding [inline] PropertySource with highest search precedence
09:02:35.236 [Test worker] DEBUG org.springframework.test.context.support.TestPropertySourceUtils - Adding inlined properties to environment: {spring.jmx.enabled=false, org.springframework.boot.test.context.SpringBootTestContextBootstrapper=true, server.port=-1}
09:02:35.236 [Test worker] DEBUG org.springframework.core.env.StandardEnvironment - Adding [Inlined Test Properties] PropertySource with highest search precedence

  .   ____          _            __ _ _
 /\\ / ___'_ __ _ _(_)_ __  __ _ \ \ \ \
( ( )\___ | '_ | '_| | '_ \/ _` | \ \ \ \
 \\/  ___)| |_)| | | | | || (_| |  ) ) ) )
  '  |____| .__|_| |_|_| |_\__, | / / / /
 =========|_|==============|___/=/_/_/_/
 :: Spring Boot ::        (v1.5.6.RELEASE)

2017-07-27 09:02:45.396  INFO 1532 --- [    Test worker] c.a.c.t.TeachersPetApplicationTests      : Starting TeachersPetApplicationTests on localadmins-iMac.local with PID 1532 (started by localadmin in /Users/localadmin/workspace/jimmy/day14/fullstack_practice/back-end)
2017-07-27 09:02:45.396  INFO 1532 --- [    Test worker] c.a.c.t.TeachersPetApplicationTests      : No active profile set, falling back to default profiles: default
2017-07-27 09:02:45.414  INFO 1532 --- [    Test worker] o.s.w.c.s.GenericWebApplicationContext   : Refreshing org.springframework.web.context.support.GenericWebApplicationContext@19deb55e: startup date [Thu Jul 27 09:02:45 CDT 2017]; root of context hierarchy
2017-07-27 09:02:46.632  INFO 1532 --- [    Test worker] j.LocalContainerEntityManagerFactoryBean : Building JPA container EntityManagerFactory for persistence unit 'default'
2017-07-27 09:02:46.644  INFO 1532 --- [    Test worker] o.hibernate.jpa.internal.util.LogHelper  : HHH000204: Processing PersistenceUnitInfo [
	name: default
	...]
2017-07-27 09:02:46.686  INFO 1532 --- [    Test worker] org.hibernate.Version                    : HHH000412: Hibernate Core {5.0.12.Final}
2017-07-27 09:02:46.686  INFO 1532 --- [    Test worker] org.hibernate.cfg.Environment            : HHH000206: hibernate.properties not found
2017-07-27 09:02:46.687  INFO 1532 --- [    Test worker] org.hibernate.cfg.Environment            : HHH000021: Bytecode provider name : javassist
2017-07-27 09:02:46.721  INFO 1532 --- [    Test worker] o.hibernate.annotations.common.Version   : HCANN000001: Hibernate Commons Annotations {5.0.1.Final}
2017-07-27 09:02:46.827  INFO 1532 --- [    Test worker] org.hibernate.dialect.Dialect            : HHH000400: Using dialect: org.hibernate.dialect.MySQLDialect
2017-07-27 09:02:46.946  INFO 1532 --- [    Test worker] org.hibernate.tool.hbm2ddl.SchemaUpdate  : HHH000228: Running hbm2ddl schema update
2017-07-27 09:02:46.974  INFO 1532 --- [    Test worker] j.LocalContainerEntityManagerFactoryBean : Initialized JPA EntityManagerFactory for persistence unit 'default'
2017-07-27 09:02:47.326  INFO 1532 --- [    Test worker] s.w.s.m.m.a.RequestMappingHandlerAdapter : Looking for @ControllerAdvice: org.springframework.web.context.support.GenericWebApplicationContext@19deb55e: startup date [Thu Jul 27 09:02:45 CDT 2017]; root of context hierarchy
2017-07-27 09:02:47.397  INFO 1532 --- [    Test worker] s.w.s.m.m.a.RequestMappingHandlerMapping : Mapped "{[/error]}" onto public org.springframework.http.ResponseEntity<java.util.Map<java.lang.String, java.lang.Object>> org.springframework.boot.autoconfigure.web.BasicErrorController.error(javax.servlet.http.HttpServletRequest)
2017-07-27 09:02:47.398  INFO 1532 --- [    Test worker] s.w.s.m.m.a.RequestMappingHandlerMapping : Mapped "{[/error],produces=[text/html]}" onto public org.springframework.web.servlet.ModelAndView org.springframework.boot.autoconfigure.web.BasicErrorController.errorHtml(javax.servlet.http.HttpServletRequest,javax.servlet.http.HttpServletResponse)
2017-07-27 09:02:47.421  INFO 1532 --- [    Test worker] o.s.w.s.handler.SimpleUrlHandlerMapping  : Mapped URL path [/webjars/**] onto handler of type [class org.springframework.web.servlet.resource.ResourceHttpRequestHandler]
2017-07-27 09:02:47.421  INFO 1532 --- [    Test worker] o.s.w.s.handler.SimpleUrlHandlerMapping  : Mapped URL path [/**] onto handler of type [class org.springframework.web.servlet.resource.ResourceHttpRequestHandler]
2017-07-27 09:02:47.453  INFO 1532 --- [    Test worker] o.s.w.s.handler.SimpleUrlHandlerMapping  : Mapped URL path [/**/favicon.ico] onto handler of type [class org.springframework.web.servlet.resource.ResourceHttpRequestHandler]
2017-07-27 09:02:47.637  INFO 1532 --- [    Test worker] c.a.c.t.TeachersPetApplicationTests      : Started TeachersPetApplicationTests in 12.393 seconds (JVM running for 12.939)
]]></system-out>
  <system-err><![CDATA[Thu Jul 27 09:02:46 CDT 2017 WARN: Establishing SSL connection without server's identity verification is not recommended. According to MySQL 5.5.45+, 5.6.26+ and 5.7.6+ requirements SSL connection must be established by default if explicit option isn't set. For compliance with existing applications not using SSL the verifyServerCertificate property is set to 'false'. You need either to explicitly disable SSL by setting useSSL=false, or set useSSL=true and provide truststore for server certificate verification.
Thu Jul 27 09:02:46 CDT 2017 WARN: Establishing SSL connection without server's identity verification is not recommended. According to MySQL 5.5.45+, 5.6.26+ and 5.7.6+ requirements SSL connection must be established by default if explicit option isn't set. For compliance with existing applications not using SSL the verifyServerCertificate property is set to 'false'. You need either to explicitly disable SSL by setting useSSL=false, or set useSSL=true and provide truststore for server certificate verification.
Thu Jul 27 09:02:46 CDT 2017 WARN: Establishing SSL connection without server's identity verification is not recommended. According to MySQL 5.5.45+, 5.6.26+ and 5.7.6+ requirements SSL connection must be established by default if explicit option isn't set. For compliance with existing applications not using SSL the verifyServerCertificate property is set to 'false'. You need either to explicitly disable SSL by setting useSSL=false, or set useSSL=true and provide truststore for server certificate verification.
Thu Jul 27 09:02:46 CDT 2017 WARN: Establishing SSL connection without server's identity verification is not recommended. According to MySQL 5.5.45+, 5.6.26+ and 5.7.6+ requirements SSL connection must be established by default if explicit option isn't set. For compliance with existing applications not using SSL the verifyServerCertificate property is set to 'false'. You need either to explicitly disable SSL by setting useSSL=false, or set useSSL=true and provide truststore for server certificate verification.
Thu Jul 27 09:02:46 CDT 2017 WARN: Establishing SSL connection without server's identity verification is not recommended. According to MySQL 5.5.45+, 5.6.26+ and 5.7.6+ requirements SSL connection must be established by default if explicit option isn't set. For compliance with existing applications not using SSL the verifyServerCertificate property is set to 'false'. You need either to explicitly disable SSL by setting useSSL=false, or set useSSL=true and provide truststore for server certificate verification.
Thu Jul 27 09:02:46 CDT 2017 WARN: Establishing SSL connection without server's identity verification is not recommended. According to MySQL 5.5.45+, 5.6.26+ and 5.7.6+ requirements SSL connection must be established by default if explicit option isn't set. For compliance with existing applications not using SSL the verifyServerCertificate property is set to 'false'. You need either to explicitly disable SSL by setting useSSL=false, or set useSSL=true and provide truststore for server certificate verification.
Thu Jul 27 09:02:46 CDT 2017 WARN: Establishing SSL connection without server's identity verification is not recommended. According to MySQL 5.5.45+, 5.6.26+ and 5.7.6+ requirements SSL connection must be established by default if explicit option isn't set. For compliance with existing applications not using SSL the verifyServerCertificate property is set to 'false'. You need either to explicitly disable SSL by setting useSSL=false, or set useSSL=true and provide truststore for server certificate verification.
Thu Jul 27 09:02:46 CDT 2017 WARN: Establishing SSL connection without server's identity verification is not recommended. According to MySQL 5.5.45+, 5.6.26+ and 5.7.6+ requirements SSL connection must be established by default if explicit option isn't set. For compliance with existing applications not using SSL the verifyServerCertificate property is set to 'false'. You need either to explicitly disable SSL by setting useSSL=false, or set useSSL=true and provide truststore for server certificate verification.
Thu Jul 27 09:02:46 CDT 2017 WARN: Establishing SSL connection without server's identity verification is not recommended. According to MySQL 5.5.45+, 5.6.26+ and 5.7.6+ requirements SSL connection must be established by default if explicit option isn't set. For compliance with existing applications not using SSL the verifyServerCertificate property is set to 'false'. You need either to explicitly disable SSL by setting useSSL=false, or set useSSL=true and provide truststore for server certificate verification.
Thu Jul 27 09:02:46 CDT 2017 WARN: Establishing SSL connection without server's identity verification is not recommended. According to MySQL 5.5.45+, 5.6.26+ and 5.7.6+ requirements SSL connection must be established by default if explicit option isn't set. For compliance with existing applications not using SSL the verifyServerCertificate property is set to 'false'. You need either to explicitly disable SSL by setting useSSL=false, or set useSSL=true and provide truststore for server certificate verification.
]]></system-err>
</testsuite>
